Performing C SOURCE FILE Test CMAKE_HAVE_LIBC_PTHREAD failed with the following output:
Change Dir: C:/dvlp/hh/imgui_adv/build/CMakeFiles/CMakeScratch/TryCompile-hjhcl2

Run Build Command(s):C:/PROGRA~1/MICROS~2/2022/COMMUN~1/Common7/IDE/COMMON~1/MICROS~1/CMake/Ninja/ninja.exe cmTC_f48b9 && [1/2] Building C object CMakeFiles\cmTC_f48b9.dir\src.c.obj
FAILED: CMakeFiles/cmTC_f48b9.dir/src.c.obj 
C:\PROGRA~1\MICROS~2\2022\COMMUN~1\VC\Tools\MSVC\1433~1.316\bin\Hostx64\x64\cl.exe  /nologo -DCMAKE_HAVE_LIBC_PTHREAD  /DWIN32 /D_WINDOWS  /Zi /Ob0 /Od /RTC1 -MDd /showIncludes /FoCMakeFiles\cmTC_f48b9.dir\src.c.obj /FdCMakeFiles\cmTC_f48b9.dir\ /FS -c C:\dvlp\hh\imgui_adv\build\CMakeFiles\CMakeScratch\TryCompile-hjhcl2\src.c
C:\dvlp\hh\imgui_adv\build\CMakeFiles\CMakeScratch\TryCompile-hjhcl2\src.c(1): fatal error C1083: Cannot open include file: 'pthread.h': No such file or directory
ninja: build stopped: subcommand failed.


Source file was:
#include <pthread.h>

static void* test_func(void* data)
{
  return data;
}

int main(void)
{
  pthread_t thread;
  pthread_create(&thread, NULL, test_func, NULL);
  pthread_detach(thread);
  pthread_cancel(thread);
  pthread_join(thread, NULL);
  pthread_atfork(NULL, NULL, NULL);
  pthread_exit(NULL);

  return 0;
}


Determining if the function pthread_create exists in the pthreads failed with the following output:
Change Dir: C:/dvlp/hh/imgui_adv/build/CMakeFiles/CMakeScratch/TryCompile-grgref

Run Build Command(s):C:/PROGRA~1/MICROS~2/2022/COMMUN~1/Common7/IDE/COMMON~1/MICROS~1/CMake/Ninja/ninja.exe cmTC_539e6 && [1/2] Building C object CMakeFiles\cmTC_539e6.dir\CheckFunctionExists.c.obj
[2/2] Linking C executable cmTC_539e6.exe
FAILED: cmTC_539e6.exe 
cmd.exe /C "cd . && "C:\Program Files\CMake\bin\cmake.exe" -E vs_link_exe --intdir=CMakeFiles\cmTC_539e6.dir --rc=C:\PROGRA~2\WI3CF2~1\10\bin\100190~1.0\x64\rc.exe --mt=C:\PROGRA~2\WI3CF2~1\10\bin\100190~1.0\x64\mt.exe --manifests  -- C:\PROGRA~1\MICROS~2\2022\COMMUN~1\VC\Tools\MSVC\1433~1.316\bin\Hostx64\x64\link.exe /nologo CMakeFiles\cmTC_539e6.dir\CheckFunctionExists.c.obj  /out:cmTC_539e6.exe /implib:cmTC_539e6.lib /pdb:cmTC_539e6.pdb /version:0.0 /machine:x64  /debug /INCREMENTAL /subsystem:console  pthreads.lib  kernel32.lib user32.lib gdi32.lib winspool.lib shell32.lib ole32.lib oleaut32.lib uuid.lib comdlg32.lib advapi32.lib && cd ."
LINK Pass 1: command "C:\PROGRA~1\MICROS~2\2022\COMMUN~1\VC\Tools\MSVC\1433~1.316\bin\Hostx64\x64\link.exe /nologo CMakeFiles\cmTC_539e6.dir\CheckFunctionExists.c.obj /out:cmTC_539e6.exe /implib:cmTC_539e6.lib /pdb:cmTC_539e6.pdb /version:0.0 /machine:x64 /debug /INCREMENTAL /subsystem:console pthreads.lib kernel32.lib user32.lib gdi32.lib winspool.lib shell32.lib ole32.lib oleaut32.lib uuid.lib comdlg32.lib advapi32.lib /MANIFEST /MANIFESTFILE:CMakeFiles\cmTC_539e6.dir/intermediate.manifest CMakeFiles\cmTC_539e6.dir/manifest.res" failed (exit code 1104) with the following output:
LINK : fatal error LNK1104: cannot open file 'pthreads.lib'
ninja: build stopped: subcommand failed.



Determining if the function pthread_create exists in the pthread failed with the following output:
Change Dir: C:/dvlp/hh/imgui_adv/build/CMakeFiles/CMakeScratch/TryCompile-jggcpf

Run Build Command(s):C:/PROGRA~1/MICROS~2/2022/COMMUN~1/Common7/IDE/COMMON~1/MICROS~1/CMake/Ninja/ninja.exe cmTC_0608f && [1/2] Building C object CMakeFiles\cmTC_0608f.dir\CheckFunctionExists.c.obj
[2/2] Linking C executable cmTC_0608f.exe
FAILED: cmTC_0608f.exe 
cmd.exe /C "cd . && "C:\Program Files\CMake\bin\cmake.exe" -E vs_link_exe --intdir=CMakeFiles\cmTC_0608f.dir --rc=C:\PROGRA~2\WI3CF2~1\10\bin\100190~1.0\x64\rc.exe --mt=C:\PROGRA~2\WI3CF2~1\10\bin\100190~1.0\x64\mt.exe --manifests  -- C:\PROGRA~1\MICROS~2\2022\COMMUN~1\VC\Tools\MSVC\1433~1.316\bin\Hostx64\x64\link.exe /nologo CMakeFiles\cmTC_0608f.dir\CheckFunctionExists.c.obj  /out:cmTC_0608f.exe /implib:cmTC_0608f.lib /pdb:cmTC_0608f.pdb /version:0.0 /machine:x64  /debug /INCREMENTAL /subsystem:console  pthread.lib  kernel32.lib user32.lib gdi32.lib winspool.lib shell32.lib ole32.lib oleaut32.lib uuid.lib comdlg32.lib advapi32.lib && cd ."
LINK Pass 1: command "C:\PROGRA~1\MICROS~2\2022\COMMUN~1\VC\Tools\MSVC\1433~1.316\bin\Hostx64\x64\link.exe /nologo CMakeFiles\cmTC_0608f.dir\CheckFunctionExists.c.obj /out:cmTC_0608f.exe /implib:cmTC_0608f.lib /pdb:cmTC_0608f.pdb /version:0.0 /machine:x64 /debug /INCREMENTAL /subsystem:console pthread.lib kernel32.lib user32.lib gdi32.lib winspool.lib shell32.lib ole32.lib oleaut32.lib uuid.lib comdlg32.lib advapi32.lib /MANIFEST /MANIFESTFILE:CMakeFiles\cmTC_0608f.dir/intermediate.manifest CMakeFiles\cmTC_0608f.dir/manifest.res" failed (exit code 1104) with the following output:
LINK : fatal error LNK1104: cannot open file 'pthread.lib'
ninja: build stopped: subcommand failed.



